<?xml version="1.0" encoding="UTF-8" standalone="no"?>
<testsuite failures="0" name="cucumber.runtime.formatter.JUnitFormatter" skipped="0" tests="1" time="29.79085">
<testcase classname="Movimentação" name="CT001 - Movimentação - Criar movimentação com sucesso" time="29.79085">
<system-out><![CDATA[Dado eu esteja logado e tenha acessado a página de movimentação.............passed
Quando eu criar a movimentação com dados válidos............................passed
Entao eu devo ver uma mensagem indicando que a operação foi realizada com sucesso.passed
]]></system-out>
</testcase>
</testsuite>
